{"level":"info","message":"Connected to mongodb+srv://Elearning:Elearning@cluster0.smqolzo.mongodb.net/?retryWrites=true&w=majority..."}
{"level":"info","message":"Connected to mongodb+srv://Elearning:Elearning@cluster0.smqolzo.mongodb.net/?retryWrites=true&w=majority..."}
{"level":"info","message":"Listening on port 3900..."}
{"level":"info","message":"Connected to mongodb+srv://Elearning:Elearning@cluster0.smqolzo.mongodb.net/?retryWrites=true&w=majority..."}
{"level":"info","message":"Listening on port 3900..."}
{"level":"info","message":"Connected to mongodb+srv://Elearning:Elearning@cluster0.smqolzo.mongodb.net/?retryWrites=true&w=majority..."}
{"level":"info","message":"Listening on port 3000..."}
{"level":"info","message":"Connected to mongodb+srv://Elearning:Elearning@cluster0.smqolzo.mongodb.net/?retryWrites=true&w=majority..."}
{"level":"info","message":"Listening on port 3000..."}
{"level":"info","message":"Connected to mongodb+srv://Elearning:Elearning@cluster0.smqolzo.mongodb.net/?retryWrites=true&w=majority..."}
{"level":"info","message":"Listening on port 3000..."}
{"level":"info","message":"Connected to mongodb+srv://Elearning:Elearning@cluster0.smqolzo.mongodb.net/?retryWrites=true&w=majority..."}
{"level":"info","message":"Connected to mongodb+srv://Elearning:Elearning@cluster0.smqolzo.mongodb.net/?retryWrites=true&w=majority..."}
{"level":"info","message":"Connected to mongodb+srv://Elearning:Elearning@cluster0.smqolzo.mongodb.net/?retryWrites=true&w=majority..."}
{"level":"info","message":"Connected to mongodb+srv://Elearning:Elearning@cluster0.smqolzo.mongodb.net/?retryWrites=true&w=majority..."}
{"level":"info","message":"Connected to mongodb+srv://Elearning:Elearning@cluster0.smqolzo.mongodb.net/?retryWrites=true&w=majority..."}
{"level":"info","message":"Connected to mongodb+srv://Elearning:Elearning@cluster0.smqolzo.mongodb.net/?retryWrites=true&w=majority..."}
{"level":"info","message":"Connected to mongodb+srv://Elearning:Elearning@cluster0.smqolzo.mongodb.net/?retryWrites=true&w=majority..."}
{"level":"info","message":"Connected to mongodb+srv://Elearning:Elearning@cluster0.smqolzo.mongodb.net/?retryWrites=true&w=majority..."}
{"level":"info","message":"Listening on port 3900..."}
{"level":"info","message":"Connected to mongodb+srv://Elearning:Elearning@cluster0.smqolzo.mongodb.net/?retryWrites=true&w=majority..."}
{"level":"info","message":"Connected to mongodb+srv://Elearning:Elearning@cluster0.smqolzo.mongodb.net/?retryWrites=true&w=majority..."}
{"level":"info","message":"Connected to mongodb+srv://Elearning:Elearning@cluster0.smqolzo.mongodb.net/?retryWrites=true&w=majority..."}
{"level":"info","message":"Listening on port 3900..."}
{"level":"info","message":"Connected to mongodb+srv://Elearning:Elearning@cluster0.smqolzo.mongodb.net/?retryWrites=true&w=majority..."}
{"level":"info","message":"Connected to mongodb+srv://Elearning:Elearning@cluster0.smqolzo.mongodb.net/?retryWrites=true&w=majority..."}
{"level":"info","message":"Connected to mongodb+srv://Elearning:Elearning@cluster0.smqolzo.mongodb.net/?retryWrites=true&w=majority..."}
{"level":"info","message":"Connected to mongodb+srv://Elearning:Elearning@cluster0.smqolzo.mongodb.net/?retryWrites=true&w=majority..."}
{"level":"info","message":"Listening on port 3900..."}
{"level":"info","message":"Connected to mongodb+srv://Elearning:Elearning@cluster0.smqolzo.mongodb.net/?retryWrites=true&w=majority..."}
{"level":"error","message":"Login sessions require session support. Did you forget to use `express-session` middleware? Login sessions require session support. Did you forget to use `express-session` middleware?","stack":"Error: Login sessions require session support. Did you forget to use `express-session` middleware?\n    at SessionStrategy.authenticate (C:\\Users\\donia\\Desktop\\elearning-front\\node_modules\\passport\\lib\\strategies\\session.js:46:41)\n    at attempt (C:\\Users\\donia\\Desktop\\elearning-front\\node_modules\\passport\\lib\\middleware\\authenticate.js:369:16)\n    at authenticate (C:\\Users\\donia\\Desktop\\elearning-front\\node_modules\\passport\\lib\\middleware\\authenticate.js:370:7)\n    at newFn (C:\\Users\\donia\\Desktop\\elearning-front\\node_modules\\express-async-errors\\index.js:16:20)\n    at Layer.handle [as handle_request] (C:\\Users\\donia\\Desktop\\elearning-front\\node_modules\\express\\lib\\router\\layer.js:95:5)\n    at trim_prefix (C:\\Users\\donia\\Desktop\\elearning-front\\node_modules\\express\\lib\\router\\index.js:328:13)\n    at C:\\Users\\donia\\Desktop\\elearning-front\\node_modules\\express\\lib\\router\\index.js:286:9\n    at Function.process_params (C:\\Users\\donia\\Desktop\\elearning-front\\node_modules\\express\\lib\\router\\index.js:346:12)\n    at next (C:\\Users\\donia\\Desktop\\elearning-front\\node_modules\\express\\lib\\router\\index.js:280:10)\n    at initialize (C:\\Users\\donia\\Desktop\\elearning-front\\node_modules\\passport\\lib\\middleware\\initialize.js:98:5)"}
{"level":"error","message":"Login sessions require session support. Did you forget to use `express-session` middleware? Login sessions require session support. Did you forget to use `express-session` middleware?","stack":"Error: Login sessions require session support. Did you forget to use `express-session` middleware?\n    at SessionStrategy.authenticate (C:\\Users\\donia\\Desktop\\elearning-front\\node_modules\\passport\\lib\\strategies\\session.js:46:41)\n    at attempt (C:\\Users\\donia\\Desktop\\elearning-front\\node_modules\\passport\\lib\\middleware\\authenticate.js:369:16)\n    at authenticate (C:\\Users\\donia\\Desktop\\elearning-front\\node_modules\\passport\\lib\\middleware\\authenticate.js:370:7)\n    at newFn (C:\\Users\\donia\\Desktop\\elearning-front\\node_modules\\express-async-errors\\index.js:16:20)\n    at Layer.handle [as handle_request] (C:\\Users\\donia\\Desktop\\elearning-front\\node_modules\\express\\lib\\router\\layer.js:95:5)\n    at trim_prefix (C:\\Users\\donia\\Desktop\\elearning-front\\node_modules\\express\\lib\\router\\index.js:328:13)\n    at C:\\Users\\donia\\Desktop\\elearning-front\\node_modules\\express\\lib\\router\\index.js:286:9\n    at Function.process_params (C:\\Users\\donia\\Desktop\\elearning-front\\node_modules\\express\\lib\\router\\index.js:346:12)\n    at next (C:\\Users\\donia\\Desktop\\elearning-front\\node_modules\\express\\lib\\router\\index.js:280:10)\n    at initialize (C:\\Users\\donia\\Desktop\\elearning-front\\node_modules\\passport\\lib\\middleware\\initialize.js:98:5)"}
{"level":"error","message":"Login sessions require session support. Did you forget to use `express-session` middleware? Login sessions require session support. Did you forget to use `express-session` middleware?","stack":"Error: Login sessions require session support. Did you forget to use `express-session` middleware?\n    at SessionStrategy.authenticate (C:\\Users\\donia\\Desktop\\elearning-front\\node_modules\\passport\\lib\\strategies\\session.js:46:41)\n    at attempt (C:\\Users\\donia\\Desktop\\elearning-front\\node_modules\\passport\\lib\\middleware\\authenticate.js:369:16)\n    at authenticate (C:\\Users\\donia\\Desktop\\elearning-front\\node_modules\\passport\\lib\\middleware\\authenticate.js:370:7)\n    at newFn (C:\\Users\\donia\\Desktop\\elearning-front\\node_modules\\express-async-errors\\index.js:16:20)\n    at Layer.handle [as handle_request] (C:\\Users\\donia\\Desktop\\elearning-front\\node_modules\\express\\lib\\router\\layer.js:95:5)\n    at trim_prefix (C:\\Users\\donia\\Desktop\\elearning-front\\node_modules\\express\\lib\\router\\index.js:328:13)\n    at C:\\Users\\donia\\Desktop\\elearning-front\\node_modules\\express\\lib\\router\\index.js:286:9\n    at Function.process_params (C:\\Users\\donia\\Desktop\\elearning-front\\node_modules\\express\\lib\\router\\index.js:346:12)\n    at next (C:\\Users\\donia\\Desktop\\elearning-front\\node_modules\\express\\lib\\router\\index.js:280:10)\n    at initialize (C:\\Users\\donia\\Desktop\\elearning-front\\node_modules\\passport\\lib\\middleware\\initialize.js:98:5)"}
{"level":"info","message":"Connected to mongodb+srv://Elearning:Elearning@cluster0.smqolzo.mongodb.net/?retryWrites=true&w=majority..."}
{"level":"info","message":"Connected to mongodb+srv://Elearning:Elearning@cluster0.smqolzo.mongodb.net/?retryWrites=true&w=majority..."}
{"level":"info","message":"Connected to mongodb+srv://Elearning:Elearning@cluster0.smqolzo.mongodb.net/?retryWrites=true&w=majority..."}
{"level":"info","message":"Connected to mongodb+srv://Elearning:Elearning@cluster0.smqolzo.mongodb.net/?retryWrites=true&w=majority..."}
{"level":"info","message":"Listening on port 3900..."}
{"level":"info","message":"Connected to mongodb+srv://Elearning:Elearning@cluster0.smqolzo.mongodb.net/?retryWrites=true&w=majority..."}
{"level":"info","message":"Listening on port 3900..."}
{"level":"info","message":"Connected to mongodb+srv://Elearning:Elearning@cluster0.smqolzo.mongodb.net/?retryWrites=true&w=majority..."}
{"level":"error","message":"secret option required for sessions secret option required for sessions","stack":"Error: secret option required for sessions\n    at session (C:\\Users\\donia\\Desktop\\elearning-front\\node_modules\\express-session\\index.js:200:12)\n    at newFn (C:\\Users\\donia\\Desktop\\elearning-front\\node_modules\\express-async-errors\\index.js:16:20)\n    at Layer.handle [as handle_request] (C:\\Users\\donia\\Desktop\\elearning-front\\node_modules\\express\\lib\\router\\layer.js:95:5)\n    at trim_prefix (C:\\Users\\donia\\Desktop\\elearning-front\\node_modules\\express\\lib\\router\\index.js:328:13)\n    at C:\\Users\\donia\\Desktop\\elearning-front\\node_modules\\express\\lib\\router\\index.js:286:9\n    at Function.process_params (C:\\Users\\donia\\Desktop\\elearning-front\\node_modules\\express\\lib\\router\\index.js:346:12)\n    at next (C:\\Users\\donia\\Desktop\\elearning-front\\node_modules\\express\\lib\\router\\index.js:280:10)\n    at C:\\Users\\donia\\Desktop\\elearning-front\\node_modules\\express-rate-limit\\dist\\index.cjs:244:7\n    at processTicksAndRejections (node:internal/process/task_queues:95:5)\n    at C:\\Users\\donia\\Desktop\\elearning-front\\node_modules\\express-rate-limit\\dist\\index.cjs:152:5"}
{"level":"error","message":"secret option required for sessions secret option required for sessions","stack":"Error: secret option required for sessions\n    at session (C:\\Users\\donia\\Desktop\\elearning-front\\node_modules\\express-session\\index.js:200:12)\n    at newFn (C:\\Users\\donia\\Desktop\\elearning-front\\node_modules\\express-async-errors\\index.js:16:20)\n    at Layer.handle [as handle_request] (C:\\Users\\donia\\Desktop\\elearning-front\\node_modules\\express\\lib\\router\\layer.js:95:5)\n    at trim_prefix (C:\\Users\\donia\\Desktop\\elearning-front\\node_modules\\express\\lib\\router\\index.js:328:13)\n    at C:\\Users\\donia\\Desktop\\elearning-front\\node_modules\\express\\lib\\router\\index.js:286:9\n    at Function.process_params (C:\\Users\\donia\\Desktop\\elearning-front\\node_modules\\express\\lib\\router\\index.js:346:12)\n    at next (C:\\Users\\donia\\Desktop\\elearning-front\\node_modules\\express\\lib\\router\\index.js:280:10)\n    at C:\\Users\\donia\\Desktop\\elearning-front\\node_modules\\express-rate-limit\\dist\\index.cjs:244:7\n    at processTicksAndRejections (node:internal/process/task_queues:95:5)\n    at C:\\Users\\donia\\Desktop\\elearning-front\\node_modules\\express-rate-limit\\dist\\index.cjs:152:5"}
{"level":"error","message":"secret option required for sessions secret option required for sessions","stack":"Error: secret option required for sessions\n    at session (C:\\Users\\donia\\Desktop\\elearning-front\\node_modules\\express-session\\index.js:200:12)\n    at newFn (C:\\Users\\donia\\Desktop\\elearning-front\\node_modules\\express-async-errors\\index.js:16:20)\n    at Layer.handle [as handle_request] (C:\\Users\\donia\\Desktop\\elearning-front\\node_modules\\express\\lib\\router\\layer.js:95:5)\n    at trim_prefix (C:\\Users\\donia\\Desktop\\elearning-front\\node_modules\\express\\lib\\router\\index.js:328:13)\n    at C:\\Users\\donia\\Desktop\\elearning-front\\node_modules\\express\\lib\\router\\index.js:286:9\n    at Function.process_params (C:\\Users\\donia\\Desktop\\elearning-front\\node_modules\\express\\lib\\router\\index.js:346:12)\n    at next (C:\\Users\\donia\\Desktop\\elearning-front\\node_modules\\express\\lib\\router\\index.js:280:10)\n    at C:\\Users\\donia\\Desktop\\elearning-front\\node_modules\\express-rate-limit\\dist\\index.cjs:244:7\n    at processTicksAndRejections (node:internal/process/task_queues:95:5)\n    at C:\\Users\\donia\\Desktop\\elearning-front\\node_modules\\express-rate-limit\\dist\\index.cjs:152:5"}
{"level":"error","message":"secret option required for sessions secret option required for sessions","stack":"Error: secret option required for sessions\n    at session (C:\\Users\\donia\\Desktop\\elearning-front\\node_modules\\express-session\\index.js:200:12)\n    at newFn (C:\\Users\\donia\\Desktop\\elearning-front\\node_modules\\express-async-errors\\index.js:16:20)\n    at Layer.handle [as handle_request] (C:\\Users\\donia\\Desktop\\elearning-front\\node_modules\\express\\lib\\router\\layer.js:95:5)\n    at trim_prefix (C:\\Users\\donia\\Desktop\\elearning-front\\node_modules\\express\\lib\\router\\index.js:328:13)\n    at C:\\Users\\donia\\Desktop\\elearning-front\\node_modules\\express\\lib\\router\\index.js:286:9\n    at Function.process_params (C:\\Users\\donia\\Desktop\\elearning-front\\node_modules\\express\\lib\\router\\index.js:346:12)\n    at next (C:\\Users\\donia\\Desktop\\elearning-front\\node_modules\\express\\lib\\router\\index.js:280:10)\n    at C:\\Users\\donia\\Desktop\\elearning-front\\node_modules\\express-rate-limit\\dist\\index.cjs:244:7\n    at processTicksAndRejections (node:internal/process/task_queues:95:5)\n    at C:\\Users\\donia\\Desktop\\elearning-front\\node_modules\\express-rate-limit\\dist\\index.cjs:152:5"}
{"level":"error","message":"secret option required for sessions secret option required for sessions","stack":"Error: secret option required for sessions\n    at session (C:\\Users\\donia\\Desktop\\elearning-front\\node_modules\\express-session\\index.js:200:12)\n    at newFn (C:\\Users\\donia\\Desktop\\elearning-front\\node_modules\\express-async-errors\\index.js:16:20)\n    at Layer.handle [as handle_request] (C:\\Users\\donia\\Desktop\\elearning-front\\node_modules\\express\\lib\\router\\layer.js:95:5)\n    at trim_prefix (C:\\Users\\donia\\Desktop\\elearning-front\\node_modules\\express\\lib\\router\\index.js:328:13)\n    at C:\\Users\\donia\\Desktop\\elearning-front\\node_modules\\express\\lib\\router\\index.js:286:9\n    at Function.process_params (C:\\Users\\donia\\Desktop\\elearning-front\\node_modules\\express\\lib\\router\\index.js:346:12)\n    at next (C:\\Users\\donia\\Desktop\\elearning-front\\node_modules\\express\\lib\\router\\index.js:280:10)\n    at C:\\Users\\donia\\Desktop\\elearning-front\\node_modules\\express-rate-limit\\dist\\index.cjs:244:7\n    at processTicksAndRejections (node:internal/process/task_queues:95:5)\n    at C:\\Users\\donia\\Desktop\\elearning-front\\node_modules\\express-rate-limit\\dist\\index.cjs:152:5"}
{"level":"error","message":"secret option required for sessions secret option required for sessions","stack":"Error: secret option required for sessions\n    at session (C:\\Users\\donia\\Desktop\\elearning-front\\node_modules\\express-session\\index.js:200:12)\n    at newFn (C:\\Users\\donia\\Desktop\\elearning-front\\node_modules\\express-async-errors\\index.js:16:20)\n    at Layer.handle [as handle_request] (C:\\Users\\donia\\Desktop\\elearning-front\\node_modules\\express\\lib\\router\\layer.js:95:5)\n    at trim_prefix (C:\\Users\\donia\\Desktop\\elearning-front\\node_modules\\express\\lib\\router\\index.js:328:13)\n    at C:\\Users\\donia\\Desktop\\elearning-front\\node_modules\\express\\lib\\router\\index.js:286:9\n    at Function.process_params (C:\\Users\\donia\\Desktop\\elearning-front\\node_modules\\express\\lib\\router\\index.js:346:12)\n    at next (C:\\Users\\donia\\Desktop\\elearning-front\\node_modules\\express\\lib\\router\\index.js:280:10)\n    at C:\\Users\\donia\\Desktop\\elearning-front\\node_modules\\express-rate-limit\\dist\\index.cjs:244:7\n    at processTicksAndRejections (node:internal/process/task_queues:95:5)\n    at C:\\Users\\donia\\Desktop\\elearning-front\\node_modules\\express-rate-limit\\dist\\index.cjs:152:5"}
{"level":"error","message":"secret option required for sessions secret option required for sessions","stack":"Error: secret option required for sessions\n    at session (C:\\Users\\donia\\Desktop\\elearning-front\\node_modules\\express-session\\index.js:200:12)\n    at newFn (C:\\Users\\donia\\Desktop\\elearning-front\\node_modules\\express-async-errors\\index.js:16:20)\n    at Layer.handle [as handle_request] (C:\\Users\\donia\\Desktop\\elearning-front\\node_modules\\express\\lib\\router\\layer.js:95:5)\n    at trim_prefix (C:\\Users\\donia\\Desktop\\elearning-front\\node_modules\\express\\lib\\router\\index.js:328:13)\n    at C:\\Users\\donia\\Desktop\\elearning-front\\node_modules\\express\\lib\\router\\index.js:286:9\n    at Function.process_params (C:\\Users\\donia\\Desktop\\elearning-front\\node_modules\\express\\lib\\router\\index.js:346:12)\n    at next (C:\\Users\\donia\\Desktop\\elearning-front\\node_modules\\express\\lib\\router\\index.js:280:10)\n    at C:\\Users\\donia\\Desktop\\elearning-front\\node_modules\\express-rate-limit\\dist\\index.cjs:244:7\n    at processTicksAndRejections (node:internal/process/task_queues:95:5)\n    at C:\\Users\\donia\\Desktop\\elearning-front\\node_modules\\express-rate-limit\\dist\\index.cjs:152:5"}
{"level":"error","message":"secret option required for sessions secret option required for sessions","stack":"Error: secret option required for sessions\n    at session (C:\\Users\\donia\\Desktop\\elearning-front\\node_modules\\express-session\\index.js:200:12)\n    at newFn (C:\\Users\\donia\\Desktop\\elearning-front\\node_modules\\express-async-errors\\index.js:16:20)\n    at Layer.handle [as handle_request] (C:\\Users\\donia\\Desktop\\elearning-front\\node_modules\\express\\lib\\router\\layer.js:95:5)\n    at trim_prefix (C:\\Users\\donia\\Desktop\\elearning-front\\node_modules\\express\\lib\\router\\index.js:328:13)\n    at C:\\Users\\donia\\Desktop\\elearning-front\\node_modules\\express\\lib\\router\\index.js:286:9\n    at Function.process_params (C:\\Users\\donia\\Desktop\\elearning-front\\node_modules\\express\\lib\\router\\index.js:346:12)\n    at next (C:\\Users\\donia\\Desktop\\elearning-front\\node_modules\\express\\lib\\router\\index.js:280:10)\n    at C:\\Users\\donia\\Desktop\\elearning-front\\node_modules\\express-rate-limit\\dist\\index.cjs:244:7\n    at processTicksAndRejections (node:internal/process/task_queues:95:5)\n    at C:\\Users\\donia\\Desktop\\elearning-front\\node_modules\\express-rate-limit\\dist\\index.cjs:152:5"}
{"level":"info","message":"Listening on port 3900..."}
{"level":"info","message":"Connected to mongodb+srv://Elearning:Elearning@cluster0.smqolzo.mongodb.net/?retryWrites=true&w=majority..."}
{"level":"info","message":"Listening on port 3900..."}
{"level":"info","message":"Connected to mongodb+srv://Elearning:Elearning@cluster0.smqolzo.mongodb.net/?retryWrites=true&w=majority..."}
{"level":"info","message":"Listening on port 3900..."}
{"level":"info","message":"Connected to mongodb+srv://Elearning:Elearning@cluster0.smqolzo.mongodb.net/?retryWrites=true&w=majority..."}
{"level":"info","message":"Listening on port 3900..."}
{"level":"info","message":"Connected to mongodb+srv://Elearning:Elearning@cluster0.smqolzo.mongodb.net/?retryWrites=true&w=majority..."}
{"level":"info","message":"Listening on port 3900..."}
{"level":"info","message":"Connected to mongodb+srv://Elearning:Elearning@cluster0.smqolzo.mongodb.net/?retryWrites=true&w=majority..."}
{"level":"info","message":"Listening on port 3900..."}
{"level":"info","message":"Connected to mongodb+srv://Elearning:Elearning@cluster0.smqolzo.mongodb.net/?retryWrites=true&w=majority..."}
{"level":"info","message":"Listening on port 3900..."}
{"level":"info","message":"Connected to mongodb+srv://Elearning:Elearning@cluster0.smqolzo.mongodb.net/?retryWrites=true&w=majority..."}
{"level":"info","message":"Listening on port 3900..."}
{"level":"info","message":"Connected to mongodb+srv://Elearning:Elearning@cluster0.smqolzo.mongodb.net/?retryWrites=true&w=majority..."}
{"level":"error","message":"Model.findOne() no longer accepts a callback Model.findOne() no longer accepts a callback","stack":"MongooseError: Model.findOne() no longer accepts a callback\n    at Function.findOne (C:\\Users\\donia\\Desktop\\elearning-front\\node_modules\\mongoose\\lib\\model.js:2129:11)\n    at Strategy._verify (C:\\Users\\donia\\Desktop\\elearning-front\\startup\\passport.ts:9:12)\n    at Strategy.authenticate (C:\\Users\\donia\\Desktop\\elearning-front\\node_modules\\passport-local\\lib\\strategy.js:90:12)\n    at attempt (C:\\Users\\donia\\Desktop\\elearning-front\\node_modules\\passport\\lib\\middleware\\authenticate.js:369:16)\n    at authenticate (C:\\Users\\donia\\Desktop\\elearning-front\\node_modules\\passport\\lib\\middleware\\authenticate.js:370:7)\n    at postLogin (C:\\Users\\donia\\Desktop\\elearning-front\\controllers\\auth.controllers.ts:44:5)\n    at newFn (C:\\Users\\donia\\Desktop\\elearning-front\\node_modules\\express-async-errors\\index.js:16:20)\n    at Layer.handle [as handle_request] (C:\\Users\\donia\\Desktop\\elearning-front\\node_modules\\express\\lib\\router\\layer.js:95:5)\n    at next (C:\\Users\\donia\\Desktop\\elearning-front\\node_modules\\express\\lib\\router\\route.js:144:13)\n    at Route.dispatch (C:\\Users\\donia\\Desktop\\elearning-front\\node_modules\\express\\lib\\router\\route.js:114:3)"}
{"level":"info","message":"Listening on port 3900..."}
{"level":"info","message":"Connected to mongodb+srv://Elearning:Elearning@cluster0.smqolzo.mongodb.net/?retryWrites=true&w=majority..."}
{"level":"info","message":"Listening on port 3900..."}
{"level":"info","message":"Connected to mongodb+srv://Elearning:Elearning@cluster0.smqolzo.mongodb.net/?retryWrites=true&w=majority..."}
{"level":"info","message":"Listening on port 3900..."}
{"level":"info","message":"Connected to mongodb+srv://Elearning:Elearning@cluster0.smqolzo.mongodb.net/?retryWrites=true&w=majority..."}
{"level":"info","message":"Listening on port 3900..."}
{"level":"info","message":"Connected to mongodb+srv://Elearning:Elearning@cluster0.smqolzo.mongodb.net/?retryWrites=true&w=majority..."}
{"level":"info","message":"Listening on port 3900..."}
{"level":"info","message":"Connected to mongodb+srv://Elearning:Elearning@cluster0.smqolzo.mongodb.net/?retryWrites=true&w=majority..."}
{"level":"info","message":"Listening on port 3900..."}
{"level":"info","message":"Listening on port 3900..."}
{"level":"info","message":"Connected to mongodb+srv://Elearning:Elearning@cluster0.smqolzo.mongodb.net/?retryWrites=true&w=majority..."}
{"level":"info","message":"Listening on port 3900..."}
{"level":"info","message":"Listening on port 3900..."}
{"level":"info","message":"Listening on port 3900..."}
{"level":"info","message":"Listening on port 3900..."}
{"level":"info","message":"Connected to mongodb+srv://Elearning:Elearning@cluster0.smqolzo.mongodb.net/?retryWrites=true&w=majority..."}
{"level":"info","message":"Listening on port 3900..."}
{"level":"info","message":"Connected to mongodb+srv://Elearning:Elearning@cluster0.smqolzo.mongodb.net/?retryWrites=true&w=majority..."}
{"level":"info","message":"Listening on port 3900..."}
{"level":"info","message":"Connected to mongodb+srv://Elearning:Elearning@cluster0.smqolzo.mongodb.net/?retryWrites=true&w=majority..."}
{"level":"info","message":"Listening on port 3900..."}
{"level":"info","message":"Connected to mongodb+srv://Elearning:Elearning@cluster0.smqolzo.mongodb.net/?retryWrites=true&w=majority..."}
{"level":"error","message":"Model.findOne() no longer accepts a callback Model.findOne() no longer accepts a callback","stack":"MongooseError: Model.findOne() no longer accepts a callback\n    at Function.findOne (C:\\Users\\donia\\Desktop\\elearning-front\\node_modules\\mongoose\\lib\\model.js:2129:11)\n    at Strategy._verify (C:\\Users\\donia\\Desktop\\elearning-front\\startup\\passport.ts:9:12)\n    at Strategy.authenticate (C:\\Users\\donia\\Desktop\\elearning-front\\node_modules\\passport-local\\lib\\strategy.js:90:12)\n    at attempt (C:\\Users\\donia\\Desktop\\elearning-front\\node_modules\\passport\\lib\\middleware\\authenticate.js:369:16)\n    at authenticate (C:\\Users\\donia\\Desktop\\elearning-front\\node_modules\\passport\\lib\\middleware\\authenticate.js:370:7)\n    at postLogin (C:\\Users\\donia\\Desktop\\elearning-front\\controllers\\auth.controllers.ts:44:5)\n    at newFn (C:\\Users\\donia\\Desktop\\elearning-front\\node_modules\\express-async-errors\\index.js:16:20)\n    at Layer.handle [as handle_request] (C:\\Users\\donia\\Desktop\\elearning-front\\node_modules\\express\\lib\\router\\layer.js:95:5)\n    at next (C:\\Users\\donia\\Desktop\\elearning-front\\node_modules\\express\\lib\\router\\route.js:144:13)\n    at Route.dispatch (C:\\Users\\donia\\Desktop\\elearning-front\\node_modules\\express\\lib\\router\\route.js:114:3)"}
{"level":"info","message":"Listening on port 3900..."}
{"level":"info","message":"Connected to mongodb+srv://Elearning:Elearning@cluster0.smqolzo.mongodb.net/?retryWrites=true&w=majority..."}
{"level":"info","message":"Listening on port 3900..."}
{"level":"info","message":"Connected to mongodb+srv://Elearning:Elearning@cluster0.smqolzo.mongodb.net/?retryWrites=true&w=majority..."}
{"level":"info","message":"Listening on port 3900..."}
{"level":"info","message":"Connected to mongodb+srv://Elearning:Elearning@cluster0.smqolzo.mongodb.net/?retryWrites=true&w=majority..."}
{"level":"info","message":"Listening on port 3900..."}
{"level":"info","message":"Connected to mongodb+srv://Elearning:Elearning@cluster0.smqolzo.mongodb.net/?retryWrites=true&w=majority..."}
{"level":"info","message":"Listening on port 3900..."}
{"level":"info","message":"Connected to mongodb+srv://Elearning:Elearning@cluster0.smqolzo.mongodb.net/?retryWrites=true&w=majority..."}
{"level":"info","message":"Listening on port 3900..."}
{"level":"info","message":"Connected to mongodb+srv://Elearning:Elearning@cluster0.smqolzo.mongodb.net/?retryWrites=true&w=majority..."}
{"level":"info","message":"Listening on port 3900..."}
{"level":"info","message":"Connected to mongodb+srv://Elearning:Elearning@cluster0.smqolzo.mongodb.net/?retryWrites=true&w=majority..."}
{"level":"info","message":"Listening on port 3900..."}
{"level":"info","message":"Connected to mongodb+srv://Elearning:Elearning@cluster0.smqolzo.mongodb.net/?retryWrites=true&w=majority..."}
{"level":"info","message":"Listening on port 3900..."}
{"level":"info","message":"Connected to mongodb+srv://Elearning:Elearning@cluster0.smqolzo.mongodb.net/?retryWrites=true&w=majority..."}
{"level":"info","message":"Listening on port 3900..."}
{"level":"info","message":"Connected to mongodb+srv://Elearning:Elearning@cluster0.smqolzo.mongodb.net/?retryWrites=true&w=majority..."}
{"level":"info","message":"Listening on port 3900..."}
{"level":"info","message":"Connected to mongodb+srv://Elearning:Elearning@cluster0.smqolzo.mongodb.net/?retryWrites=true&w=majority..."}
{"level":"info","message":"Listening on port 3900..."}
{"level":"info","message":"Connected to mongodb+srv://Elearning:Elearning@cluster0.smqolzo.mongodb.net/?retryWrites=true&w=majority..."}
{"level":"info","message":"Listening on port 3900..."}
{"level":"info","message":"Listening on port 3900..."}
{"level":"info","message":"Connected to mongodb+srv://Elearning:Elearning@cluster0.smqolzo.mongodb.net/?retryWrites=true&w=majority..."}
{"level":"info","message":"Listening on port 3900..."}
{"level":"info","message":"Connected to mongodb+srv://Elearning:Elearning@cluster0.smqolzo.mongodb.net/?retryWrites=true&w=majority..."}
{"level":"info","message":"Listening on port 3900..."}
{"level":"info","message":"Connected to mongodb+srv://Elearning:Elearning@cluster0.smqolzo.mongodb.net/?retryWrites=true&w=majority..."}
{"level":"info","message":"Listening on port 3900..."}
{"level":"info","message":"Connected to mongodb+srv://Elearning:Elearning@cluster0.smqolzo.mongodb.net/?retryWrites=true&w=majority..."}
{"level":"info","message":"Listening on port 3900..."}
{"level":"info","message":"Listening on port 3900..."}
{"level":"info","message":"Connected to mongodb+srv://Elearning:Elearning@cluster0.smqolzo.mongodb.net/?retryWrites=true&w=majority..."}
{"level":"info","message":"Listening on port 3900..."}
{"level":"info","message":"Connected to mongodb+srv://Elearning:Elearning@cluster0.smqolzo.mongodb.net/?retryWrites=true&w=majority..."}
{"level":"info","message":"Listening on port 3900..."}
{"level":"info","message":"Listening on port 3900..."}
{"level":"info","message":"Connected to mongodb+srv://Elearning:Elearning@cluster0.smqolzo.mongodb.net/?retryWrites=true&w=majority..."}
{"level":"info","message":"Listening on port 3900..."}
{"level":"info","message":"Listening on port 3900..."}
{"level":"info","message":"Connected to mongodb+srv://Elearning:Elearning@cluster0.smqolzo.mongodb.net/?retryWrites=true&w=majority..."}
